0 info it worked if it ends with ok
1 verbose cli [ 'node', '/usr/local/bin/npm', 'install' ]
2 info using npm@1.4.28
3 info using node@v0.10.32
4 verbose readDependencies using package.json deps
5 verbose install where, deps [ '/Users/f604306/WebstormProjects/myApp',
5 verbose install   [ 'bower',
5 verbose install     'http-server',
5 verbose install     'jasmine-core',
5 verbose install     'karma',
5 verbose install     'karma-chrome-launcher',
5 verbose install     'karma-firefox-launcher',
5 verbose install     'karma-jasmine',
5 verbose install     'karma-junit-reporter',
5 verbose install     'protractor' ] ]
6 info preinstall angular-seed@0.0.0
7 verbose readDependencies using package.json deps
8 verbose cache add [ 'bower@^1.7.7', null ]
9 verbose cache add name=undefined spec="bower@^1.7.7" args=["bower@^1.7.7",null]
10 verbose parsed url { protocol: null,
10 verbose parsed url   slashes: null,
10 verbose parsed url   auth: null,
10 verbose parsed url   host: null,
10 verbose parsed url   port: null,
10 verbose parsed url   hostname: null,
10 verbose parsed url   hash: null,
10 verbose parsed url   search: null,
10 verbose parsed url   query: null,
10 verbose parsed url   pathname: 'bower@^1.7.7',
10 verbose parsed url   path: 'bower@^1.7.7',
10 verbose parsed url   href: 'bower@^1.7.7' }
11 verbose cache add [ 'http-server@^0.9.0', null ]
12 verbose cache add name=undefined spec="http-server@^0.9.0" args=["http-server@^0.9.0",null]
13 verbose parsed url { protocol: null,
13 verbose parsed url   slashes: null,
13 verbose parsed url   auth: null,
13 verbose parsed url   host: null,
13 verbose parsed url   port: null,
13 verbose parsed url   hostname: null,
13 verbose parsed url   hash: null,
13 verbose parsed url   search: null,
13 verbose parsed url   query: null,
13 verbose parsed url   pathname: 'http-server@^0.9.0',
13 verbose parsed url   path: 'http-server@^0.9.0',
13 verbose parsed url   href: 'http-server@^0.9.0' }
14 verbose cache add [ 'jasmine-core@^2.4.1', null ]
15 verbose cache add name=undefined spec="jasmine-core@^2.4.1" args=["jasmine-core@^2.4.1",null]
16 verbose parsed url { protocol: null,
16 verbose parsed url   slashes: null,
16 verbose parsed url   auth: null,
16 verbose parsed url   host: null,
16 verbose parsed url   port: null,
16 verbose parsed url   hostname: null,
16 verbose parsed url   hash: null,
16 verbose parsed url   search: null,
16 verbose parsed url   query: null,
16 verbose parsed url   pathname: 'jasmine-core@^2.4.1',
16 verbose parsed url   path: 'jasmine-core@^2.4.1',
16 verbose parsed url   href: 'jasmine-core@^2.4.1' }
17 verbose cache add name="bower" spec="^1.7.7" args=["bower","^1.7.7"]
18 verbose parsed url { protocol: null,
18 verbose parsed url   slashes: null,
18 verbose parsed url   auth: null,
18 verbose parsed url   host: null,
18 verbose parsed url   port: null,
18 verbose parsed url   hostname: null,
18 verbose parsed url   hash: null,
18 verbose parsed url   search: null,
18 verbose parsed url   query: null,
18 verbose parsed url   pathname: '^1.7.7',
18 verbose parsed url   path: '^1.7.7',
18 verbose parsed url   href: '^1.7.7' }
19 verbose addNamed [ 'bower', '^1.7.7' ]
20 verbose addNamed [ null, '>=1.7.7-0 <2.0.0-0' ]
21 verbose cache add name="http-server" spec="^0.9.0" args=["http-server","^0.9.0"]
22 verbose parsed url { protocol: null,
22 verbose parsed url   slashes: null,
22 verbose parsed url   auth: null,
22 verbose parsed url   host: null,
22 verbose parsed url   port: null,
22 verbose parsed url   hostname: null,
22 verbose parsed url   hash: null,
22 verbose parsed url   search: null,
22 verbose parsed url   query: null,
22 verbose parsed url   pathname: '^0.9.0',
22 verbose parsed url   path: '^0.9.0',
22 verbose parsed url   href: '^0.9.0' }
23 verbose addNamed [ 'http-server', '^0.9.0' ]
24 verbose addNamed [ null, '>=0.9.0-0 <0.10.0-0' ]
25 verbose cache add name="jasmine-core" spec="^2.4.1" args=["jasmine-core","^2.4.1"]
26 verbose parsed url { protocol: null,
26 verbose parsed url   slashes: null,
26 verbose parsed url   auth: null,
26 verbose parsed url   host: null,
26 verbose parsed url   port: null,
26 verbose parsed url   hostname: null,
26 verbose parsed url   hash: null,
26 verbose parsed url   search: null,
26 verbose parsed url   query: null,
26 verbose parsed url   pathname: '^2.4.1',
26 verbose parsed url   path: '^2.4.1',
26 verbose parsed url   href: '^2.4.1' }
27 verbose addNamed [ 'jasmine-core', '^2.4.1' ]
28 verbose addNamed [ null, '>=2.4.1-0 <3.0.0-0' ]
29 verbose cache add [ 'karma@^0.13.22', null ]
30 verbose cache add name=undefined spec="karma@^0.13.22" args=["karma@^0.13.22",null]
31 verbose parsed url { protocol: null,
31 verbose parsed url   slashes: null,
31 verbose parsed url   auth: null,
31 verbose parsed url   host: null,
31 verbose parsed url   port: null,
31 verbose parsed url   hostname: null,
31 verbose parsed url   hash: null,
31 verbose parsed url   search: null,
31 verbose parsed url   query: null,
31 verbose parsed url   pathname: 'karma@^0.13.22',
31 verbose parsed url   path: 'karma@^0.13.22',
31 verbose parsed url   href: 'karma@^0.13.22' }
32 silly lockFile a93d960f-bower-1-7-7 bower@^1.7.7
33 verbose lock bower@^1.7.7 /Users/f604306/.npm/a93d960f-bower-1-7-7.lock
34 silly lockFile 7ef2a6f4-http-server-0-9-0 http-server@^0.9.0
35 verbose lock http-server@^0.9.0 /Users/f604306/.npm/7ef2a6f4-http-server-0-9-0.lock
36 silly lockFile 85476558-jasmine-core-2-4-1 jasmine-core@^2.4.1
37 verbose lock jasmine-core@^2.4.1 /Users/f604306/.npm/85476558-jasmine-core-2-4-1.lock
38 verbose cache add [ 'karma-chrome-launcher@^0.2.3', null ]
39 verbose cache add name=undefined spec="karma-chrome-launcher@^0.2.3" args=["karma-chrome-launcher@^0.2.3",null]
40 verbose parsed url { protocol: null,
40 verbose parsed url   slashes: null,
40 verbose parsed url   auth: null,
40 verbose parsed url   host: null,
40 verbose parsed url   port: null,
40 verbose parsed url   hostname: null,
40 verbose parsed url   hash: null,
40 verbose parsed url   search: null,
40 verbose parsed url   query: null,
40 verbose parsed url   pathname: 'karma-chrome-launcher@^0.2.3',
40 verbose parsed url   path: 'karma-chrome-launcher@^0.2.3',
40 verbose parsed url   href: 'karma-chrome-launcher@^0.2.3' }
41 verbose cache add name="karma" spec="^0.13.22" args=["karma","^0.13.22"]
42 verbose parsed url { protocol: null,
42 verbose parsed url   slashes: null,
42 verbose parsed url   auth: null,
42 verbose parsed url   host: null,
42 verbose parsed url   port: null,
42 verbose parsed url   hostname: null,
42 verbose parsed url   hash: null,
42 verbose parsed url   search: null,
42 verbose parsed url   query: null,
42 verbose parsed url   pathname: '^0.13.22',
42 verbose parsed url   path: '^0.13.22',
42 verbose parsed url   href: '^0.13.22' }
43 verbose addNamed [ 'karma', '^0.13.22' ]
44 verbose addNamed [ null, '>=0.13.22-0 <0.14.0-0' ]
45 silly lockFile 40dfc86b-karma-0-13-22 karma@^0.13.22
46 verbose lock karma@^0.13.22 /Users/f604306/.npm/40dfc86b-karma-0-13-22.lock
47 verbose cache add [ 'karma-firefox-launcher@^0.1.7', null ]
48 verbose cache add name=undefined spec="karma-firefox-launcher@^0.1.7" args=["karma-firefox-launcher@^0.1.7",null]
49 verbose parsed url { protocol: null,
49 verbose parsed url   slashes: null,
49 verbose parsed url   auth: null,
49 verbose parsed url   host: null,
49 verbose parsed url   port: null,
49 verbose parsed url   hostname: null,
49 verbose parsed url   hash: null,
49 verbose parsed url   search: null,
49 verbose parsed url   query: null,
49 verbose parsed url   pathname: 'karma-firefox-launcher@^0.1.7',
49 verbose parsed url   path: 'karma-firefox-launcher@^0.1.7',
49 verbose parsed url   href: 'karma-firefox-launcher@^0.1.7' }
50 verbose cache add name="karma-chrome-launcher" spec="^0.2.3" args=["karma-chrome-launcher","^0.2.3"]
51 verbose parsed url { protocol: null,
51 verbose parsed url   slashes: null,
51 verbose parsed url   auth: null,
51 verbose parsed url   host: null,
51 verbose parsed url   port: null,
51 verbose parsed url   hostname: null,
51 verbose parsed url   hash: null,
51 verbose parsed url   search: null,
51 verbose parsed url   query: null,
51 verbose parsed url   pathname: '^0.2.3',
51 verbose parsed url   path: '^0.2.3',
51 verbose parsed url   href: '^0.2.3' }
52 verbose addNamed [ 'karma-chrome-launcher', '^0.2.3' ]
53 verbose addNamed [ null, '>=0.2.3-0 <0.3.0-0' ]
54 silly lockFile 53574fdd-karma-chrome-launcher-0-2-3 karma-chrome-launcher@^0.2.3
55 verbose lock karma-chrome-launcher@^0.2.3 /Users/f604306/.npm/53574fdd-karma-chrome-launcher-0-2-3.lock
56 silly addNameRange { name: 'bower', range: '>=1.7.7-0 <2.0.0-0', hasData: false }
57 silly addNameRange { name: 'http-server',
57 silly addNameRange   range: '>=0.9.0-0 <0.10.0-0',
57 silly addNameRange   hasData: false }
58 silly addNameRange { name: 'jasmine-core',
58 silly addNameRange   range: '>=2.4.1-0 <3.0.0-0',
58 silly addNameRange   hasData: false }
59 verbose cache add [ 'karma-jasmine@^0.3.8', null ]
60 verbose cache add name=undefined spec="karma-jasmine@^0.3.8" args=["karma-jasmine@^0.3.8",null]
61 verbose parsed url { protocol: null,
61 verbose parsed url   slashes: null,
61 verbose parsed url   auth: null,
61 verbose parsed url   host: null,
61 verbose parsed url   port: null,
61 verbose parsed url   hostname: null,
61 verbose parsed url   hash: null,
61 verbose parsed url   search: null,
61 verbose parsed url   query: null,
61 verbose parsed url   pathname: 'karma-jasmine@^0.3.8',
61 verbose parsed url   path: 'karma-jasmine@^0.3.8',
61 verbose parsed url   href: 'karma-jasmine@^0.3.8' }
62 verbose cache add [ 'karma-junit-reporter@^0.4.1', null ]
63 verbose cache add name=undefined spec="karma-junit-reporter@^0.4.1" args=["karma-junit-reporter@^0.4.1",null]
64 verbose parsed url { protocol: null,
64 verbose parsed url   slashes: null,
64 verbose parsed url   auth: null,
64 verbose parsed url   host: null,
64 verbose parsed url   port: null,
64 verbose parsed url   hostname: null,
64 verbose parsed url   hash: null,
64 verbose parsed url   search: null,
64 verbose parsed url   query: null,
64 verbose parsed url   pathname: 'karma-junit-reporter@^0.4.1',
64 verbose parsed url   path: 'karma-junit-reporter@^0.4.1',
64 verbose parsed url   href: 'karma-junit-reporter@^0.4.1' }
65 verbose cache add [ 'protractor@^3.2.2', null ]
66 verbose cache add name=undefined spec="protractor@^3.2.2" args=["protractor@^3.2.2",null]
67 verbose parsed url { protocol: null,
67 verbose parsed url   slashes: null,
67 verbose parsed url   auth: null,
67 verbose parsed url   host: null,
67 verbose parsed url   port: null,
67 verbose parsed url   hostname: null,
67 verbose parsed url   hash: null,
67 verbose parsed url   search: null,
67 verbose parsed url   query: null,
67 verbose parsed url   pathname: 'protractor@^3.2.2',
67 verbose parsed url   path: 'protractor@^3.2.2',
67 verbose parsed url   href: 'protractor@^3.2.2' }
68 verbose cache add name="karma-firefox-launcher" spec="^0.1.7" args=["karma-firefox-launcher","^0.1.7"]
69 verbose parsed url { protocol: null,
69 verbose parsed url   slashes: null,
69 verbose parsed url   auth: null,
69 verbose parsed url   host: null,
69 verbose parsed url   port: null,
69 verbose parsed url   hostname: null,
69 verbose parsed url   hash: null,
69 verbose parsed url   search: null,
69 verbose parsed url   query: null,
69 verbose parsed url   pathname: '^0.1.7',
69 verbose parsed url   path: '^0.1.7',
69 verbose parsed url   href: '^0.1.7' }
70 verbose addNamed [ 'karma-firefox-launcher', '^0.1.7' ]
71 verbose addNamed [ null, '>=0.1.7-0 <0.2.0-0' ]
72 silly lockFile 9ff9d666-karma-firefox-launcher-0-1-7 karma-firefox-launcher@^0.1.7
73 verbose lock karma-firefox-launcher@^0.1.7 /Users/f604306/.npm/9ff9d666-karma-firefox-launcher-0-1-7.lock
74 verbose request where is /bower
75 verbose request registry https://npm-digital.jpmchase.net/
76 verbose request id 9ea91c19da33a23e
77 verbose url raw /bower
78 verbose url resolving [ 'https://npm-digital.jpmchase.net/', './bower' ]
79 verbose url resolved https://npm-digital.jpmchase.net/bower
80 verbose request where is https://npm-digital.jpmchase.net/bower
81 info trying registry request attempt 1 at 15:42:28
82 http GET https://npm-digital.jpmchase.net/bower
83 silly addNameRange { name: 'karma', range: '>=0.13.22-0 <0.14.0-0', hasData: false }
84 verbose request where is /http-server
85 verbose request registry https://npm-digital.jpmchase.net/
86 verbose url raw /http-server
87 verbose url resolving [ 'https://npm-digital.jpmchase.net/', './http-server' ]
88 verbose url resolved https://npm-digital.jpmchase.net/http-server
89 verbose request where is https://npm-digital.jpmchase.net/http-server
90 info trying registry request attempt 1 at 15:42:28
91 http GET https://npm-digital.jpmchase.net/http-server
92 verbose request where is /jasmine-core
93 verbose request registry https://npm-digital.jpmchase.net/
94 verbose url raw /jasmine-core
95 verbose url resolving [ 'https://npm-digital.jpmchase.net/', './jasmine-core' ]
96 verbose url resolved https://npm-digital.jpmchase.net/jasmine-core
97 verbose request where is https://npm-digital.jpmchase.net/jasmine-core
98 info trying registry request attempt 1 at 15:42:28
99 http GET https://npm-digital.jpmchase.net/jasmine-core
100 verbose cache add name="karma-jasmine" spec="^0.3.8" args=["karma-jasmine","^0.3.8"]
101 verbose parsed url { protocol: null,
101 verbose parsed url   slashes: null,
101 verbose parsed url   auth: null,
101 verbose parsed url   host: null,
101 verbose parsed url   port: null,
101 verbose parsed url   hostname: null,
101 verbose parsed url   hash: null,
101 verbose parsed url   search: null,
101 verbose parsed url   query: null,
101 verbose parsed url   pathname: '^0.3.8',
101 verbose parsed url   path: '^0.3.8',
101 verbose parsed url   href: '^0.3.8' }
102 verbose addNamed [ 'karma-jasmine', '^0.3.8' ]
103 verbose addNamed [ null, '>=0.3.8-0 <0.4.0-0' ]
104 silly lockFile d4e76789-karma-jasmine-0-3-8 karma-jasmine@^0.3.8
105 verbose lock karma-jasmine@^0.3.8 /Users/f604306/.npm/d4e76789-karma-jasmine-0-3-8.lock
106 verbose cache add name="karma-junit-reporter" spec="^0.4.1" args=["karma-junit-reporter","^0.4.1"]
107 verbose parsed url { protocol: null,
107 verbose parsed url   slashes: null,
107 verbose parsed url   auth: null,
107 verbose parsed url   host: null,
107 verbose parsed url   port: null,
107 verbose parsed url   hostname: null,
107 verbose parsed url   hash: null,
107 verbose parsed url   search: null,
107 verbose parsed url   query: null,
107 verbose parsed url   pathname: '^0.4.1',
107 verbose parsed url   path: '^0.4.1',
107 verbose parsed url   href: '^0.4.1' }
108 verbose addNamed [ 'karma-junit-reporter', '^0.4.1' ]
109 verbose addNamed [ null, '>=0.4.1-0 <0.5.0-0' ]
110 silly lockFile 19603356-karma-junit-reporter-0-4-1 karma-junit-reporter@^0.4.1
111 verbose lock karma-junit-reporter@^0.4.1 /Users/f604306/.npm/19603356-karma-junit-reporter-0-4-1.lock
112 verbose cache add name="protractor" spec="^3.2.2" args=["protractor","^3.2.2"]
113 verbose parsed url { protocol: null,
113 verbose parsed url   slashes: null,
113 verbose parsed url   auth: null,
113 verbose parsed url   host: null,
113 verbose parsed url   port: null,
113 verbose parsed url   hostname: null,
113 verbose parsed url   hash: null,
113 verbose parsed url   search: null,
113 verbose parsed url   query: null,
113 verbose parsed url   pathname: '^3.2.2',
113 verbose parsed url   path: '^3.2.2',
113 verbose parsed url   href: '^3.2.2' }
114 verbose addNamed [ 'protractor', '^3.2.2' ]
115 verbose addNamed [ null, '>=3.2.2-0 <4.0.0-0' ]
116 silly lockFile 8695c518-protractor-3-2-2 protractor@^3.2.2
117 verbose lock protractor@^3.2.2 /Users/f604306/.npm/8695c518-protractor-3-2-2.lock
118 silly addNameRange { name: 'karma-chrome-launcher',
118 silly addNameRange   range: '>=0.2.3-0 <0.3.0-0',
118 silly addNameRange   hasData: false }
119 verbose request where is /karma
120 verbose request registry https://npm-digital.jpmchase.net/
121 verbose url raw /karma
122 verbose url resolving [ 'https://npm-digital.jpmchase.net/', './karma' ]
123 verbose url resolved https://npm-digital.jpmchase.net/karma
124 verbose request where is https://npm-digital.jpmchase.net/karma
125 info trying registry request attempt 1 at 15:42:28
126 http GET https://npm-digital.jpmchase.net/karma
127 verbose request where is /karma-chrome-launcher
128 verbose request registry https://npm-digital.jpmchase.net/
129 verbose url raw /karma-chrome-launcher
130 verbose url resolving [ 'https://npm-digital.jpmchase.net/',
130 verbose url resolving   './karma-chrome-launcher' ]
131 verbose url resolved https://npm-digital.jpmchase.net/karma-chrome-launcher
132 verbose request where is https://npm-digital.jpmchase.net/karma-chrome-launcher
133 info trying registry request attempt 1 at 15:42:28
134 http GET https://npm-digital.jpmchase.net/karma-chrome-launcher
135 silly addNameRange { name: 'karma-firefox-launcher',
135 silly addNameRange   range: '>=0.1.7-0 <0.2.0-0',
135 silly addNameRange   hasData: false }
136 info retry will retry, error on last attempt: Error: getaddrinfo ENOTFOUND
137 info retry will retry, error on last attempt: Error: getaddrinfo ENOTFOUND
138 silly addNameRange { name: 'karma-jasmine',
138 silly addNameRange   range: '>=0.3.8-0 <0.4.0-0',
138 silly addNameRange   hasData: false }
139 silly addNameRange { name: 'protractor',
139 silly addNameRange   range: '>=3.2.2-0 <4.0.0-0',
139 silly addNameRange   hasData: false }
140 silly addNameRange { name: 'karma-junit-reporter',
140 silly addNameRange   range: '>=0.4.1-0 <0.5.0-0',
140 silly addNameRange   hasData: false }
141 info retry will retry, error on last attempt: Error: getaddrinfo ENOTFOUND
142 info retry will retry, error on last attempt: Error: getaddrinfo ENOTFOUND
143 verbose request where is /karma-firefox-launcher
144 verbose request registry https://npm-digital.jpmchase.net/
145 verbose url raw /karma-firefox-launcher
146 verbose url resolving [ 'https://npm-digital.jpmchase.net/',
146 verbose url resolving   './karma-firefox-launcher' ]
147 verbose url resolved https://npm-digital.jpmchase.net/karma-firefox-launcher
148 verbose request where is https://npm-digital.jpmchase.net/karma-firefox-launcher
149 info trying registry request attempt 1 at 15:42:28
150 http GET https://npm-digital.jpmchase.net/karma-firefox-launcher
151 info retry will retry, error on last attempt: Error: getaddrinfo ENOTFOUND
152 verbose request where is /karma-jasmine
153 verbose request registry https://npm-digital.jpmchase.net/
154 verbose url raw /karma-jasmine
155 verbose url resolving [ 'https://npm-digital.jpmchase.net/', './karma-jasmine' ]
156 verbose url resolved https://npm-digital.jpmchase.net/karma-jasmine
157 verbose request where is https://npm-digital.jpmchase.net/karma-jasmine
158 info trying registry request attempt 1 at 15:42:28
159 http GET https://npm-digital.jpmchase.net/karma-jasmine
160 verbose request where is /protractor
161 verbose request registry https://npm-digital.jpmchase.net/
162 verbose url raw /protractor
163 verbose url resolving [ 'https://npm-digital.jpmchase.net/', './protractor' ]
164 verbose url resolved https://npm-digital.jpmchase.net/protractor
165 verbose request where is https://npm-digital.jpmchase.net/protractor
166 info trying registry request attempt 1 at 15:42:28
167 http GET https://npm-digital.jpmchase.net/protractor
168 verbose request where is /karma-junit-reporter
169 verbose request registry https://npm-digital.jpmchase.net/
170 verbose url raw /karma-junit-reporter
171 verbose url resolving [ 'https://npm-digital.jpmchase.net/',
171 verbose url resolving   './karma-junit-reporter' ]
172 verbose url resolved https://npm-digital.jpmchase.net/karma-junit-reporter
173 verbose request where is https://npm-digital.jpmchase.net/karma-junit-reporter
174 info trying registry request attempt 1 at 15:42:28
175 http GET https://npm-digital.jpmchase.net/karma-junit-reporter
176 info retry will retry, error on last attempt: Error: getaddrinfo ENOTFOUND
177 info retry will retry, error on last attempt: Error: getaddrinfo ENOTFOUND
178 info retry will retry, error on last attempt: Error: getaddrinfo ENOTFOUND
179 info retry will retry, error on last attempt: Error: getaddrinfo ENOTFOUND
180 info trying registry request attempt 2 at 15:42:38
181 http GET https://npm-digital.jpmchase.net/jasmine-core
182 info retry will retry, error on last attempt: Error: getaddrinfo ENOTFOUND
183 info trying registry request attempt 2 at 15:42:38
184 http GET https://npm-digital.jpmchase.net/karma
185 info retry will retry, error on last attempt: Error: getaddrinfo ENOTFOUND
186 info trying registry request attempt 2 at 15:42:38
187 http GET https://npm-digital.jpmchase.net/bower
188 info trying registry request attempt 2 at 15:42:38
189 http GET https://npm-digital.jpmchase.net/http-server
190 info trying registry request attempt 2 at 15:42:38
191 http GET https://npm-digital.jpmchase.net/karma-chrome-launcher
192 info retry will retry, error on last attempt: Error: getaddrinfo ENOTFOUND
193 info retry will retry, error on last attempt: Error: getaddrinfo ENOTFOUND
194 info retry will retry, error on last attempt: Error: getaddrinfo ENOTFOUND
195 info trying registry request attempt 2 at 15:42:38
196 http GET https://npm-digital.jpmchase.net/karma-firefox-launcher
197 info trying registry request attempt 2 at 15:42:38
198 http GET https://npm-digital.jpmchase.net/karma-jasmine
199 info trying registry request attempt 2 at 15:42:38
200 http GET https://npm-digital.jpmchase.net/protractor
201 info trying registry request attempt 2 at 15:42:38
202 http GET https://npm-digital.jpmchase.net/karma-junit-reporter
203 info retry will retry, error on last attempt: Error: getaddrinfo ENOTFOUND
204 info retry will retry, error on last attempt: Error: getaddrinfo ENOTFOUND
205 info retry will retry, error on last attempt: Error: getaddrinfo ENOTFOUND
206 info retry will retry, error on last attempt: Error: getaddrinfo ENOTFOUND
207 info trying registry request attempt 3 at 15:43:38
208 http GET https://npm-digital.jpmchase.net/jasmine-core
209 silly lockFile 85476558-jasmine-core-2-4-1 jasmine-core@^2.4.1
210 silly lockFile 85476558-jasmine-core-2-4-1 jasmine-core@^2.4.1
211 info trying registry request attempt 3 at 15:43:38
212 http GET https://npm-digital.jpmchase.net/karma
213 silly lockFile 40dfc86b-karma-0-13-22 karma@^0.13.22
214 silly lockFile 40dfc86b-karma-0-13-22 karma@^0.13.22
215 info trying registry request attempt 3 at 15:43:38
216 http GET https://npm-digital.jpmchase.net/bower
217 silly lockFile a93d960f-bower-1-7-7 bower@^1.7.7
218 silly lockFile a93d960f-bower-1-7-7 bower@^1.7.7
219 info trying registry request attempt 3 at 15:43:38
220 http GET https://npm-digital.jpmchase.net/http-server
221 info trying registry request attempt 3 at 15:43:38
222 http GET https://npm-digital.jpmchase.net/karma-chrome-launcher
223 silly lockFile 7ef2a6f4-http-server-0-9-0 http-server@^0.9.0
224 silly lockFile 7ef2a6f4-http-server-0-9-0 http-server@^0.9.0
225 silly lockFile 53574fdd-karma-chrome-launcher-0-2-3 karma-chrome-launcher@^0.2.3
226 silly lockFile 53574fdd-karma-chrome-launcher-0-2-3 karma-chrome-launcher@^0.2.3
227 info trying registry request attempt 3 at 15:43:38
228 http GET https://npm-digital.jpmchase.net/karma-firefox-launcher
229 info trying registry request attempt 3 at 15:43:38
230 http GET https://npm-digital.jpmchase.net/karma-jasmine
231 info trying registry request attempt 3 at 15:43:38
232 http GET https://npm-digital.jpmchase.net/protractor
233 info trying registry request attempt 3 at 15:43:38
234 http GET https://npm-digital.jpmchase.net/karma-junit-reporter
235 silly lockFile 9ff9d666-karma-firefox-launcher-0-1-7 karma-firefox-launcher@^0.1.7
236 silly lockFile 9ff9d666-karma-firefox-launcher-0-1-7 karma-firefox-launcher@^0.1.7
237 silly lockFile d4e76789-karma-jasmine-0-3-8 karma-jasmine@^0.3.8
238 silly lockFile d4e76789-karma-jasmine-0-3-8 karma-jasmine@^0.3.8
239 silly lockFile 8695c518-protractor-3-2-2 protractor@^3.2.2
240 silly lockFile 8695c518-protractor-3-2-2 protractor@^3.2.2
241 silly lockFile 19603356-karma-junit-reporter-0-4-1 karma-junit-reporter@^0.4.1
242 silly lockFile 19603356-karma-junit-reporter-0-4-1 karma-junit-reporter@^0.4.1
243 error network getaddrinfo ENOTFOUND
243 error network This is most likely not a problem with npm itself
243 error network and is related to network connectivity.
243 error network In most cases you are behind a proxy or have bad network settings.
243 error network
243 error network If you are behind a proxy, please make sure that the
243 error network 'proxy' config is set properly.  See: 'npm help config'
244 error System Darwin 14.5.0
245 error command "node" "/usr/local/bin/npm" "install"
246 error cwd /Users/f604306/WebstormProjects/myApp
247 error node -v v0.10.32
248 error npm -v 1.4.28
249 error syscall getaddrinfo
250 error code ENOTFOUND
251 error errno ENOTFOUND
252 verbose exit [ 1, true ]
